0.230557
0.220541
0.219050
0.218042
0.184554
0.175190
0.171101
0.168646
0.155084
0.155828
0.144535
0.139342
0.132925
0.139039
0.132514
0.126119
0.122382
0.116978
0.118201
0.115135
0.113943
0.114236
0.113812
0.113790
0.112676
0.116095
0.120535
0.119670
0.120099
0.121165
0.125638
0.110306
0.110345
0.113247
0.109902
0.109909
0.111223
0.107656
0.110263
0.113870
0.163398
0.154207
0.154556
0.152894
0.162757
0.157539
0.166018
0.148829
0.159311
0.149593
0.147780
0.140308
0.145037
0.136832
0.136622
0.141697
0.144984
0.141456
0.139982
0.129122
0.124706
0.124187
0.126142
0.136722
0.125469
0.127363
0.128387
0.131720
0.134278
0.138877
0.120949
0.122979
0.118337
0.113329
0.115218
0.116985
0.115785
0.106976
0.106977
0.100464
0.100193
0.098509
0.098643
0.096037
0.096659
0.096625
0.096616
0.097179
0.094307
0.094368
0.094367
0.106231
0.107294
0.100938
0.104380
0.102598
0.103205
0.101482
0.100351
0.099710
0.100228
0.101063
0.100995
0.099480
0.100249
0.101064
0.100333
0.100304
0.100549
0.098457
0.099905
0.095003
0.092188
0.091410
0.094207
0.097778
0.096666
0.097389
0.098814
0.091710
0.091681
0.096850
0.098241
0.094615
0.094197
0.097834
0.101881
0.098950
0.097641
0.095347
0.090862
0.089419
0.090437
0.090866
0.087538
0.087798
0.087694
0.088995
0.087247
0.087586
0.097490
0.099650
0.102931
0.105623
0.098805
0.100382
0.093728
0.132822
0.134906
0.138192
0.127604
0.127436
0.130980
0.125324
0.128932
0.126698
0.118624
0.116618
0.120313
0.120446
0.120847
0.158183
0.154576
0.154080
0.159496
0.159186
0.157965
0.151768
0.140756
0.146390
0.141471
0.145331
0.142375
0.141792
0.140873
0.141683
0.127664
0.129014
0.119303
0.113843
0.115597
0.113663
0.110825
0.110219
0.111070
0.112107
0.113957
0.111179
0.111289
0.112884
0.107375
0.100459
0.095328
0.089953
0.086803
0.087555
0.086370
0.086278
0.087098
0.084732
0.090519
0.089581
0.088155
0.082782
0.083147
0.083504
0.083670
0.082232
0.082804
0.083399
0.081939
0.084715
0.085323
0.084273
0.092082
0.094463
0.093992
0.093814
0.090329
0.090257
0.096191
0.098866
0.100830
0.098758
0.098506
0.101285
0.103894
0.101556
0.098795
0.098838
0.105529
0.104915
0.102303
0.099850
0.100622
0.100794
0.101901
0.100506
0.098599
0.100486
0.099941
0.100042
0.100698
0.101361
0.102512
0.107277
0.105970
0.107155
0.106536
0.105220
0.100895
0.094364
0.087694
0.084143
0.081644
0.081563
0.079349
0.080019
0.079062
0.078308
0.078795
0.078998
0.078901
0.080559
0.076336
0.076520
0.073530
0.074010
0.077239
0.077528
0.077558
0.077690
0.077067
0.075906
0.074217
0.074063
0.074195
0.073768
0.074061
0.083457
0.082955
0.082469
0.082674
0.091442
0.097741
0.099342
0.096340
0.098744
0.098855
0.129693
0.133027
0.135569
0.136663
0.130938
0.124690
0.125182
0.121415
0.121014
0.116297
0.113115
0.104593
0.104600
0.106889
0.100460
0.101466
0.131976
0.132329
0.134071
0.129920
0.130846
0.131604
0.137851
0.130588
0.134180
0.135094
0.142105
0.135387
0.135507
0.135734
0.134190
0.127776
0.130998
0.130823
0.123166
0.118658
0.117654
0.110485
0.111277
0.104820
0.100604
0.100622
0.093841
0.090275
0.088740
0.087373
0.085647
0.085937
0.083127
0.081627
0.077457
0.110192
0.114013
0.109823
0.100826
0.101682
0.099111
0.099912
0.098280
0.096700
0.097485
0.097132
0.098747
0.096892
0.095897
0.093748
0.092572
0.091292
0.089056
0.097988
0.099932
0.099589
0.099516
0.095693
0.093274
0.092032
0.119078
0.118473
0.119099
0.117959
0.119273
0.109837
0.108114
0.106636
0.105873
0.106179
0.105302
0.104992
0.104976
0.093766
0.093462
0.084247
0.080572
0.079865
0.070553
0.071398
0.071149
0.070888
0.069330
0.068840
0.068000
0.068663
0.078232
0.074053
0.073629
0.069747
0.070141
0.069768
0.073576
0.075432
0.074501
0.071854
0.070563
0.087037
0.086119
0.085260
0.084519
0.085003
0.085749
0.085615
0.087178
0.087526
0.083334
0.081927
0.078885
0.088139
0.088955
0.089523
0.089213
0.081124
0.077745
0.076180
0.076668
0.075994
0.075534
0.073649
0.073361
0.072102
0.070413
0.068186
0.067728
0.067366
0.066270
0.065918
0.065424
0.064482
0.064952
0.063929
0.064051
0.080038
0.076820
0.074995
0.069962
0.067701
0.066757
0.068177
0.066976
0.067084
0.067128
0.064098
0.064451
0.063971
0.063475
0.062732
0.062749
0.064722
0.063832
0.065606
0.065419
0.073146
0.071605
0.071426
0.071327
0.070639
0.072155
0.071330
0.071566
0.071097
0.071159
0.070819
0.070503
0.071369
0.072763
0.073410
0.073005
0.072986
0.074375
0.071831
0.073546
0.074154
0.075679
0.072423
0.072451
0.069008
0.066581
0.062467
0.062845
0.062510
0.062269
0.062044
0.062764
0.063427
0.062857
0.062264
0.060535
0.060687
0.060812
0.060655
0.060585
0.059646
0.059415
0.063978
0.063794
0.063611
0.064221
0.063808
0.062904
0.062527
0.062379
0.072034
0.073014
0.071085
0.070864
0.074753
0.075411
0.076159
0.077049
0.076346
0.074695
0.072118
0.071699
0.069663
0.068725
0.068918
0.074812
0.072801
0.071137
0.070609
0.069348
0.066626
0.066102
0.065773
0.065408
0.065115
0.065026
0.063421
0.062481
0.063442
0.064121
0.063668
0.066063
0.066273
0.069030
0.068617
0.070250
0.069328
0.064533
0.065333
0.062900
0.062372
0.062196
0.060900
0.060606
0.060113
0.058842
0.059233
0.058582
0.058835
0.058643
0.058675
0.059199
0.059762
0.059422
0.058271
0.057212
0.056773
0.056612
0.056290
0.057083
0.056603
0.056674
0.056424
0.056889
0.056973
0.058204
0.058800
0.058038
0.058463
0.058533
0.057894
0.058121
0.057286
0.058160
0.057412
0.056823
0.056659
0.059656
0.064162
0.074414
0.074650
0.071096
0.072635
0.073821
0.074059
0.073845
0.072244
0.085201
0.085807
0.084681
0.083983
0.083165
0.087162
0.087929
0.087480
0.087438
0.090376
0.090287
0.087717
0.088004
0.084058
0.083550
0.080003
0.078814
0.075811
0.075420
0.074694
0.073868
0.075307
0.072533
0.072279
0.071059
0.076916
0.076865
0.075288
0.076755
0.074542
0.072958
0.072815
0.072882
0.072345
0.069637
0.068505
0.066875
0.066828
0.067640
0.065338
0.064905
0.061875
0.061671
0.062263
0.063236
0.063125
0.062698
0.061945
0.060837
0.060839
0.059556
0.059191
0.057850
0.057658
0.057164
0.056535
0.062158
0.064284
0.066388
0.065781
0.066629
0.066067
0.064721
0.063811
0.062493
0.061653
0.060928
0.061545
0.061718
0.060708
0.059847
0.059183
0.060300
0.059580
0.058274
0.057966
0.058046
0.059992
0.059289
0.058411
0.057709
0.058091
0.059039
0.057738
0.057252
0.057033
0.056213
0.055755
0.055154
0.055140
0.054666
0.054368
0.131219
0.135322
0.136625
0.138568
0.140819
0.132952
0.134414
0.133366
0.137079
0.137478
0.134230
0.132607
0.126152
0.118990
0.116701
0.113135
0.113947
0.108133
0.110271
0.109335
0.109819
0.105364
0.101594
0.100044
0.099409
0.097701
0.097958
0.096857
0.095654
0.093978
0.089685
0.090607
0.088763
0.086978
0.084891
0.086403
0.079462
0.078867
0.077606
0.075150
0.070714
0.070724
0.071660
0.071908
0.072421
0.073581
0.073869
0.073432
0.073823
0.071059
0.066842
0.066251
0.066678
0.063622
0.063103
0.063437
0.061922
0.062393
0.064000
0.062524
0.060153
0.058520
0.059088
0.056601
0.056805
0.056103
0.055190
0.053029
0.052966
0.052304
0.053087
0.052628
0.051279
0.051484
0.050715
0.049422
0.049258
0.048815
0.052474
0.050397
0.049997
0.049453
0.050122
0.049561
0.049423
0.049619
0.049251
0.048551
0.049078
0.047785
0.047405
0.047223
0.047315
0.047386
0.047034
0.046747
0.046161
0.045982
0.045469
0.045760
0.045360
0.045135
0.045325
0.045351
0.045518
0.045667
0.045519
0.045538
0.045934
0.045694
0.045511
0.044805
0.045070
0.047700
0.047314
0.047050
0.046800
0.046758
0.046376
0.047027
0.047414
0.047692
0.047598
0.046924
0.047787
0.048095
0.047597
0.047242
0.047350
0.047646
0.047605
0.047580
0.047218
0.047490
0.047164
0.046669
0.046711
0.046666
0.046508
0.046217
0.045980
0.046052
0.046124
0.046041
0.045598
0.045914
0.045849
0.045657
0.046320
0.046616
0.046904
0.046732
0.046254
0.045905
0.046218
0.046050
0.045774
0.045339
0.045148
0.045094
0.045205
0.045119
0.044821
0.044650
0.045181
0.044936
0.045203
0.045299
0.045616
0.045623
0.045400
0.045183
0.045297
0.045557
0.045275
0.045344
0.045420
0.045199
0.045085
0.044843
0.045814
0.046408
0.046384
0.046605
0.046892
0.046550
0.046550
0.046509
0.046371
0.045885
0.045825
0.045187
0.044944
0.044802
0.044623
0.044551
0.044695
0.044661
0.044843
0.044642
0.044793
0.044378
0.044040
0.044296
0.044170
0.043982
0.043951
0.043978
0.044160
0.044314
0.044491
0.044339
0.044387
0.041549
0.041619
0.041480
0.041320
0.041379
0.041401
0.041420
0.041465
0.041427
0.041344
0.041285
0.041439
0.041459
0.041575
0.041308
0.041205
0.041340
0.041200
0.041260
0.041253
0.041104
0.041189
0.041194
0.041258
0.041105
0.041155
0.041212
0.041179
0.041277
0.041140
0.041063
0.041171
0.041202
0.041070
0.041141
0.041245
0.041185
0.041088
0.041007
0.041055
0.040989
0.040891
0.040926
0.041046
0.041061
0.041048
0.041047
0.041176
0.041231
0.041246
0.041011
0.058906
0.060076
0.060941
0.061325
0.064359
0.064643
0.065126
0.065754
0.065592
0.063935
0.062039
0.060625
0.061682
0.060665
0.060770
0.059776
0.059312
0.056281
0.056590
0.055829
0.054576
0.053763
0.053965
0.052987
0.052579
0.052440
0.051606
0.050747
0.051006
0.050187
0.048821
0.047741
0.047727
0.047104
0.046572
0.046360
0.046310
0.046025
0.046113
0.045244
0.045405
0.045380
0.046079
0.045871
0.045809
0.044523
0.044990
0.044482
0.044724
0.046546
0.046496
0.046602
0.045956
0.044922
0.044614
0.044685
0.044332
0.043856
0.043829
0.043267
0.043615
0.043944
0.045975
0.045591
0.045293
0.045618
0.045242
0.045034
0.044678
0.044318
0.044480
0.044067
0.043771
0.043852
0.043512
0.042730
0.042725
0.042517
0.042614
0.044994
0.045446
0.044843
0.045502
0.045535
0.044963
0.045015
0.045044
0.044415
0.044466
0.044355
0.043738
0.044323
0.044272
0.043894
0.043961
0.043626
0.043584
0.043634
0.043115
0.043039
0.043201
0.042991
0.043595
0.043011
0.043529
0.043607
0.043436
0.043300
0.043156
0.042922
0.043128
0.042898
0.042791
0.042615
0.042408
0.042413
0.042473
0.042321
0.042427
0.042494
0.042261
0.042519
0.042272
0.041828
0.041575
0.041693
0.041552
0.041885
0.041606
0.041440
0.041471
0.041322
0.041153
0.041349
0.040992
0.042088
0.042157
0.042107
0.042586
0.042616
0.042573
0.041974
0.042105
0.041945
0.042338
0.042566
0.043971
0.044178
0.044343
0.042382
0.042072
0.041981
0.042176
0.041674
0.041375
0.040964
0.040764
0.040992
0.040491
0.040086
0.039904
0.039874
0.039831
0.039769
0.039283
0.039017
0.039252
0.039135
0.038917
0.039120
0.039064
0.038721
0.038756
0.039098
0.039034
0.039093
0.039188
0.038981
0.038947
0.039090
0.038873
0.038900
0.038859
0.038658
0.038735
0.038678
0.038309
0.038499
0.038464
0.038603
0.038335
0.038338
0.038394
0.038631
0.038448
0.038503
0.038407
0.038592
0.038363
0.038369
0.038498
0.038437
0.039263
0.039123
0.039218
0.039416
0.038885
0.039250
0.038864
0.038472
0.038399
0.038277
0.038326
0.038527
0.038808
0.038601
0.038519
0.038554
0.038206
0.038538
0.040370
0.040986
0.040972
0.040865
0.041269
0.041062
0.040878
0.040796
0.040569
0.040749
0.040134
0.040154
0.040386
0.041632
0.042026
0.041773
0.041464
0.041289
0.041282
0.041520
0.040947
0.040987
0.041087
0.041713
0.041441
0.041520
0.042975
0.042838
0.042463
0.042175
0.041972
0.041427
0.041481
0.041755
0.042188
0.042554
0.042121
0.041691
0.041061
0.044821
0.044098
0.043862
0.046592
0.045619
0.045771
0.046180
0.045891
0.045356
0.044739
0.044714
0.044455
0.042885
0.043587
0.041529
0.042081
0.041995
0.041899
0.041636
0.041936
0.041891
0.042211
0.042285
0.041689
0.041200
0.040792
0.041264
0.041373
0.041253
0.041287
0.041094
0.040946
0.042011
0.041561
0.041468
0.041888
0.041383
0.041621
0.041154
0.041568
0.041638
0.041786
0.042337
0.041965
0.041861
0.041467
0.041645
0.041822
0.041011
0.041660
0.040877
0.041058
0.040881
0.040550
0.040860
0.040944
0.040557
0.040264
0.040019
0.039761
0.040125
0.040399
0.039851
0.039685
0.039777
0.039346
0.038669
0.038306
0.038263
0.038250
0.038442
0.040167
0.039343
0.039522
0.039761
0.039510
0.038814
0.038489
0.038546
0.038706
0.038691
0.038286
0.037467
0.038408
0.038566
0.038529
0.039044
0.039249
0.039254
0.038866
0.038776
0.039063
0.038515
0.038907
0.038296
0.037859
0.037830
0.038401
0.037792
0.037291
0.037101
0.037361
0.037359
0.037020
0.037277
0.037078
0.037084
0.036684
0.036576
0.036676
0.036439
0.036259
0.036080
0.036170
0.036041
0.035875
0.035926
0.035977
0.036026
0.035869
0.035869
0.036105
0.035902
0.036130
0.036049
0.036094
0.035897
0.035756
0.036010
0.036169
0.036228
0.036200
0.035899
0.035940
0.036077
0.035851
0.035751
0.035619
0.035573
0.035748
0.035539
0.035764
0.035655
0.035769
0.035948
0.035688
0.035827
0.035803
0.035919
0.035814
0.035965
0.035900
0.035671
0.035546
0.035539
0.035559
0.035641
0.035575
0.035582
0.035505
0.035437
0.035679
0.035470
0.035619
0.035549
0.035455
0.035406
0.035434
0.035540
0.035420
0.035505
0.035535
0.035433
0.035569
0.035491
0.035533
0.035402
0.035494
0.035512
0.035338
0.035453
0.035361
0.035448
0.035558
0.035489
0.035388
0.035508
0.035502
0.035477
0.035444
