0.260440
0.275861
0.236690
0.204188
0.188704
0.149425
0.138002
0.143551
0.144345
0.324058
0.333342
0.351018
0.313731
0.306366
0.258911
0.241359
0.232287
0.219963
0.202655
0.188652
0.182107
0.180093
0.176772
0.154407
0.149605
0.149001
0.140185
0.131697
0.158885
0.128168
0.137083
0.128198
0.126401
0.122991
0.115991
0.115657
0.107007
0.095662
0.092884
0.092852
0.088788
0.087047
0.086310
0.085869
0.080085
0.077397
0.073244
0.073256
0.071052
0.071057
0.074586
0.072950
0.072762
0.077315
0.071337
0.070140
0.066578
0.066582
0.065493
0.065036
0.063081
0.058697
0.058016
0.053832
0.053327
0.050834
0.049445
0.048349
0.048312
0.049106
0.047342
0.047534
0.047525
0.047474
0.046009
0.045160
0.045876
0.047674
0.047520
0.048155
0.058082
0.059102
0.063827
0.063346
0.063257
0.063832
0.058933
0.056678
0.055965
0.054182
0.053059
0.051471
0.051304
0.051000
0.044628
0.040438
0.039642
0.039119
0.037321
0.037707
0.035853
0.035793
0.034641
0.034440
0.032847
0.032524
0.032419
0.032278
0.032540
0.032668
0.032181
0.040309
0.039228
0.036077
0.036006
0.035917
0.035540
0.034558
0.033821
0.032057
0.031892
0.032105
0.032048
0.032222
0.032217
0.031977
0.032096
0.031962
0.031901
0.031822
0.031726
0.031795
0.031872
0.031893
0.031700
0.031868
0.031513
0.031750
0.032408
0.032135
0.032036
0.031721
0.032960
0.033641
0.033592
0.033335
0.033067
0.038522
0.038778
0.036324
0.035493
0.033406
0.033698
0.033398
0.033234
0.032059
0.031975
0.031998
0.032011
0.031978
0.031883
0.031682
0.031917
0.031805
0.032394
0.031505
0.031532
0.031592
0.031652
0.031639
0.032380
0.032181
0.032292
0.032024
0.032265
0.032380
0.033677
0.033781
0.034152
0.031723
0.031745
0.031754
0.031868
0.031779
0.032025
0.031955
0.031879
0.031970
0.032213
0.032298
0.032193
0.032574
0.033123
0.032306
0.032163
0.031799
0.031704
0.031783
0.032663
0.032618
0.036373
0.036196
0.036284
0.036325
0.036892
0.036470
0.036314
0.036195
0.037420
0.037275
0.036392
0.035996
0.035931
0.035649
0.035616
0.036513
0.036704
0.038653
0.038007
0.037042
0.036716
0.036882
0.038103
0.037918
0.037039
0.040184
0.040221
0.039627
0.039042
0.037933
0.038060
0.051199
0.049564
0.049638
0.052390
0.050519
0.050267
0.053552
0.054278
0.054495
0.076287
0.098790
0.103938
0.109736
0.109049
0.111994
0.110728
0.108667
0.107819
0.107312
0.108404
0.109023
0.107865
0.106720
0.106463
0.105883
0.104988
0.103326
0.101887
0.100015
0.099720
0.099351
0.096951
0.096887
0.095593
0.099121
0.101687
0.099725
0.102074
0.101286
0.097629
0.099409
0.100119
0.099756
0.101386
0.099652
0.099562
0.097331
0.100507
0.101704
0.101264
0.100562
0.097976
0.098930
0.100648
0.098749
0.095381
0.095165
0.093883
0.092972
0.091246
0.090635
0.089499
0.090684
0.090068
0.089113
0.086788
0.086881
0.085629
0.086200
0.077217
0.077675
0.081298
0.079331
0.078906
0.079965
0.079385
0.079185
0.080886
0.080110
0.079976
0.078948
0.078167
0.077479
0.078849
0.078172
0.077911
0.077762
0.076777
0.080243
0.078156
0.076547
0.076107
0.075824
0.074209
0.078067
0.077391
0.075884
0.076146
0.074980
0.075452
0.075388
0.074279
0.075078
0.075444
0.073535
0.072806
0.072359
0.074205
0.073483
0.073690
0.072294
0.072208
0.071250
0.070750
0.070541
0.069741
0.071000
0.069958
0.071256
0.070191
0.069379
0.068839
0.068823
0.068146
0.067488
0.067214
0.066679
0.066192
0.066272
0.067032
0.065047
0.065576
0.065096
0.064182
0.063384
0.066640
0.065333
0.065140
0.065660
0.065054
0.065440
0.064153
0.063354
0.062991
0.062053
0.061933
0.061280
0.061424
0.061160
0.060531
0.058813
0.058268
0.058029
0.058390
0.058154
0.057887
0.056990
0.056670
0.056762
0.056536
0.056020
0.054973
0.055521
0.055163
0.054254
0.056427
0.055844
0.054400
0.053722
0.052748
0.050924
0.052415
0.053752
0.053118
0.051474
0.051121
0.051260
0.050899
0.050640
0.050496
0.052052
0.050631
0.050794
0.050165
0.049851
0.049964
0.049883
0.048940
0.048291
0.049250
0.048781
0.048000
0.047818
0.047589
0.046316
0.046322
0.046060
0.046276
0.046177
0.045729
0.045518
0.044615
0.044614
0.043674
0.046888
0.046528
0.045773
0.044725
0.044704
0.043156
0.042622
0.043061
0.042133
0.041603
0.041571
0.042659
0.042073
0.041472
0.041094
0.040736
0.039577
0.039179
0.042031
0.041626
0.041289
0.040213
0.040233
0.040221
0.040141
0.040002
0.039358
0.039456
0.040206
0.039898
0.039468
0.039417
0.039149
0.038800
0.038512
0.038590
0.038637
0.038298
0.037422
0.037175
0.037706
0.036883
0.037998
0.037963
0.036756
0.036346
0.036600
0.036631
0.037210
0.036099
0.034847
0.037044
0.037102
0.036862
0.036511
0.036400
0.036000
0.035837
0.035578
0.035471
0.035452
0.036007
0.034799
0.036123
0.036057
0.035284
0.034881
0.034512
0.034179
0.035245
0.035193
0.035122
0.034590
0.034376
0.035594
0.034746
0.034361
0.034591
0.034250
0.034356
0.034867
0.033798
0.034350
0.033826
0.033062
0.032344
0.034634
0.034362
0.033633
0.035257
0.035760
0.034795
0.034190
0.033890
0.034128
0.034890
0.034768
0.034558
0.033696
0.033370
0.033034
0.033002
0.032872
0.033289
0.032540
0.033252
0.032982
0.032062
0.033974
0.033874
0.032782
0.032581
0.032132
0.032352
0.032189
0.032069
0.032079
0.033022
0.032779
0.033331
0.033133
0.032719
0.032329
0.032163
0.031884
0.031383
0.031389
0.031809
0.030907
0.031938
0.031514
0.031427
0.030527
0.029960
0.030338
0.029370
0.028126
0.028509
0.028313
0.028142
0.028230
0.027909
0.027677
0.027538
0.027110
0.026618
0.026524
0.025568
0.025191
0.024964
0.024581
0.024201
0.024082
0.024211
0.025025
0.024919
0.024738
0.024522
0.024542
0.024710
0.025119
0.024851
0.024847
0.024530
0.024631
0.028347
0.027917
0.027387
0.027528
0.027287
0.026457
0.027548
0.027166
0.027309
0.027302
0.026970
0.026550
0.026477
0.028499
0.028200
0.028109
0.028008
0.027790
0.027070
0.026778
0.026603
0.026462
0.026010
0.026055
0.026088
0.026093
0.026050
0.025580
0.025028
0.024540
0.024119
0.023703
0.023657
0.023517
0.024663
0.023849
0.023937
0.023820
0.024362
0.024440
0.024606
0.024617
0.024557
0.024946
0.025012
0.024903
0.024564
0.024541
0.024257
0.024150
0.023559
0.023573
0.023324
0.023654
0.022935
0.022379
0.021874
0.021697
0.021525
0.022425
0.022499
0.022454
0.022409
0.022378
0.022188
0.022290
0.022343
0.022315
0.022363
0.022582
0.022524
0.022652
0.022296
0.022206
0.022121
0.021928
0.023040
0.023010
0.022724
0.022831
0.024292
0.024262
0.023985
0.023834
0.023824
0.023865
0.024401
0.023861
0.023847
0.023883
0.024066
0.023636
0.023482
0.023548
0.023516
0.024255
0.024137
0.024005
0.024009
0.024180
0.021503
0.021378
0.021446
0.021337
0.020908
0.020875
0.020527
0.020433
0.021121
0.021349
0.021170
0.020939
0.020982
0.020959
0.020764
0.020701
0.020704
0.020665
0.020500
0.020020
0.019940
0.019645
0.020299
0.020203
0.020318
0.020283
0.020193
0.020221
0.019998
0.020009
0.019929
0.019999
0.020094
0.020043
0.019804
0.019693
0.019493
0.019264
0.019022
0.018852
0.019017
0.019185
0.019031
0.018916
0.018769
0.018763
0.018895
0.018650
0.018857
0.018767
0.018514
0.018509
0.018523
0.018527
0.018452
0.019318
0.019392
0.019390
0.020424
0.020418
0.020412
0.020126
0.020016
0.020272
0.020272
0.020208
0.019950
0.019824
0.019719
0.020329
0.020543
0.020601
0.021469
0.021367
0.021344
0.021050
0.022564
0.022633
0.022045
0.022252
0.022269
0.022083
0.022005
0.022156
0.021780
0.021788
0.021874
0.022194
0.022127
0.021853
0.021633
0.021657
0.021644
0.021465
0.021194
0.021201
0.021070
0.021034
0.020949
0.020621
0.019857
0.021936
0.023194
0.023079
0.022914
0.022822
0.022872
0.022877
0.024101
0.024138
0.023531
0.023490
0.022599
0.022316
0.022288
0.022468
0.022376
0.022187
0.022394
0.023015
0.022907
0.022702
0.022597
0.022542
0.022528
0.022320
0.023268
0.023375
0.023142
0.023044
0.023342
0.023929
0.024035
0.023628
0.022859
0.023253
0.023003
0.023009
0.022705
0.022793
0.022775
0.022757
0.022667
0.022376
0.022451
0.022443
0.022536
0.022449
0.022303
0.022595
0.022443
0.022392
0.022114
0.022405
0.023036
0.022387
0.022546
0.022343
0.022172
0.022344
0.022421
0.022486
0.022472
0.022383
0.022135
0.021892
0.021762
0.021709
0.022155
0.022305
0.022238
0.022225
0.023059
0.022988
0.023055
0.022759
0.022767
0.022632
0.022614
0.022531
0.022673
0.023629
0.023609
0.023465
0.023488
0.023928
0.023630
0.023193
0.023191
0.023080
0.022987
0.022863
0.022590
0.022527
0.022543
0.022894
0.022319
0.021963
0.021894
0.021431
