0.574838
0.548689
0.549237
0.516508
0.498297
0.488535
0.485857
0.468305
0.456113
0.431580
0.418586
0.409528
0.406583
0.391238
0.380505
0.368350
0.345083
0.336586
0.316319
0.302579
0.284424
0.275283
0.267358
0.258521
0.251708
0.240810
0.237960
0.235012
0.220264
0.218179
0.216746
0.210059
0.206572
0.198115
0.193975
0.193004
0.189220
0.180793
0.179976
0.180151
0.175755
0.173673
0.167103
0.164806
0.159202
0.155080
0.155897
0.150682
0.143413
0.140200
0.140013
0.139457
0.134868
0.129372
0.126717
0.127375
0.126930
0.124659
0.124913
0.123623
0.118997
0.115077
0.112850
0.112757
0.109310
0.110909
0.106963
0.108412
0.105939
0.104257
0.103185
0.100260
0.099231
0.099570
0.098712
0.098711
0.099936
0.100643
0.101999
0.099956
0.099022
0.098118
0.096767
0.094357
0.095416
0.096586
0.093805
0.092841
0.093354
0.093534
0.091651
0.092928
0.093275
0.093887
0.094608
0.092155
0.093032
0.093138
0.093759
0.092262
0.088917
0.086788
0.085891
0.086155
0.086708
0.086495
0.086721
0.085168
0.084120
0.083206
0.082087
0.082468
0.083147
0.081200
0.081624
0.081820
0.080941
0.080611
0.080957
0.081436
0.081296
0.080368
0.081286
0.080293
0.080256
0.081000
0.081224
0.080834
0.081058
0.080126
0.080632
0.081056
0.080429
0.081344
0.081086
0.081975
0.080881
0.081654
0.080753
0.080795
0.079996
0.080908
0.079970
0.078999
0.078706
0.078308
0.078128
0.077374
0.077931
0.078670
0.078222
0.077422
0.077370
0.077102
0.076229
0.076869
0.077068
0.076599
0.076738
0.076286
0.076150
0.076624
0.077028
0.076491
0.076671
0.076098
0.076618
0.076063
0.075592
0.075694
0.075956
0.076134
0.075875
0.075697
0.075707
0.075138
0.075609
0.075418
0.075334
0.075436
0.075327
0.075671
0.075679
0.075519
0.075304
0.075714
0.074960
0.075051
0.074663
0.074713
0.075210
0.074918
0.075062
0.075097
0.074992
0.075032
0.074441
0.074786
0.074978
0.075078
0.074878
0.074219
0.074394
0.073686
0.073419
0.074076
0.074275
0.073842
0.073849
0.074079
0.074390
0.073981
0.073867
0.074125
0.073948
0.074183
0.073641
0.074093
0.073596
0.073857
0.073246
0.073071
0.073398
0.073390
0.073687
0.073298
0.073280
0.073451
0.073586
0.073344
0.073584
0.073677
0.073990
0.073787
0.074215
0.074013
0.073443
0.073254
0.073362
0.073482
0.073080
0.073130
0.073043
0.072404
0.072878
0.072739
0.072934
0.073119
0.073229
0.073148
0.073184
0.073352
0.072917
0.072550
0.072932
0.072805
0.073080
0.072787
0.073242
0.072853
0.072620
0.072675
0.072569
0.072453
0.072264
0.072495
0.072571
0.072408
0.072012
0.071897
0.071858
0.071806
0.071814
0.071661
0.070908
0.070839
0.071037
0.070663
0.071008
0.070978
0.071058
0.071080
0.070926
0.071051
0.070788
0.071020
0.070957
0.070976
0.070933
0.071031
0.071255
0.070762
0.070431
0.070665
0.071021
0.071050
0.071055
0.070890
0.070235
0.069861
0.073789
0.073396
0.073313
0.073069
0.072816
0.073028
0.072582
0.072791
0.072791
0.072463
0.072711
0.072255
0.072127
0.072356
0.072326
0.071851
0.071068
0.071145
0.071510
0.071663
0.070754
0.070538
0.071258
0.070948
0.070919
0.070829
0.070523
0.070802
0.070372
0.070574
0.070404
0.070421
0.070315
0.070454
0.070525
0.070776
0.070693
0.070516
0.069779
0.069996
0.070314
0.070877
0.070103
0.070521
0.070394
0.070168
0.070111
0.070148
0.069820
0.070163
0.070231
0.070157
0.070334
0.069603
0.069522
0.069819
0.069517
0.069561
0.069457
0.069649
0.069427
0.069914
0.069841
0.069387
0.068406
0.068574
0.068727
0.068987
0.069030
0.068903
0.069356
0.068211
0.068058
0.067645
0.068257
0.067783
0.067914
0.067805
0.068195
0.068118
0.067967
0.067985
0.068004
0.068288
0.068385
0.068692
0.068089
0.067919
0.067783
0.067913
0.067746
0.067930
0.067882
0.067589
0.067885
0.068537
0.067318
0.067308
0.067219
0.067335
0.065019
0.064695
0.064814
0.064847
0.065089
0.064996
0.064693
0.064810
0.065039
0.065000
0.064973
0.064959
0.065014
0.064987
0.065318
0.065468
0.065264
0.065243
0.065390
0.064800
0.064209
0.064433
0.063183
0.062972
0.063167
0.062638
0.062687
0.062642
0.062231
0.062380
0.062620
0.062553
0.062402
0.062440
0.062625
0.062644
0.062597
0.062917
0.062080
0.062281
0.062086
0.062227
0.061153
0.060725
0.060373
0.060473
0.060969
0.060842
0.060944
0.060933
0.060942
0.060546
0.060778
0.061094
0.061006
0.060869
0.060828
0.061131
0.061162
0.060947
0.061214
0.061075
0.061342
0.060627
0.061071
0.060865
0.061385
0.061264
0.061357
0.061505
0.061482
0.061296
0.060672
0.060719
0.060795
0.060932
0.060960
0.061032
0.061305
0.060854
0.060964
0.060941
0.060610
0.060697
0.060623
0.060615
0.060633
0.060749
0.061259
0.060808
0.060889
0.060213
0.060486
0.060199
0.060245
0.060208
0.060438
0.060250
0.060453
0.060382
0.055000
0.054973
0.055092
0.055469
0.055136
0.055127
0.055064
0.055012
0.055231
0.055009
0.055296
0.055142
0.055323
0.055477
0.055137
0.055423
0.054765
0.054682
0.054915
0.055105
0.055065
0.055123
0.055182
0.054938
0.054988
0.055170
0.054633
0.054403
0.054465
0.054710
0.054630
0.054302
0.053886
0.053875
0.053931
0.053890
0.054305
0.053960
0.054229
0.054067
0.054292
0.054236
0.054459
0.054350
0.054090
0.054444
0.054078
0.054083
0.054061
0.053985
0.054120
0.053940
0.053870
0.054041
0.053975
0.054099
0.054034
0.054097
0.053956
0.054309
0.054359
0.054244
0.054078
0.054299
0.054376
0.054356
0.053967
0.054019
0.054130
0.053615
0.053765
0.053963
0.053977
0.053809
0.053974
0.053655
0.053673
0.053520
0.053913
0.053516
0.053765
0.053964
0.053806
0.053773
0.053815
0.053848
0.053938
0.054008
0.053890
0.053829
0.053918
0.054239
0.054074
0.054068
0.053964
0.053980
0.053928
0.054008
0.054238
0.053990
0.059204
0.059036
0.059104
0.059187
0.059222
0.059276
0.059382
0.058966
0.058748
0.058942
0.058945
0.058767
0.058702
0.059218
0.059105
0.059084
0.059091
0.058600
0.058615
0.058781
0.058565
0.058257
0.058526
0.058810
0.058899
0.058836
0.058541
0.058655
0.058632
0.058624
0.059132
0.058808
0.059186
0.058841
0.058955
0.058942
0.059129
0.058077
0.058109
0.057927
0.058233
0.058244
0.058459
0.058071
0.058426
0.058333
0.058416
0.058416
0.058531
0.058762
0.058375
0.058505
0.058463
0.058363
0.058621
0.058766
0.058467
0.058502
0.058428
0.058828
0.059175
0.058006
0.058396
0.058020
0.058280
0.058483
0.058653
0.058745
0.057988
0.058077
0.058267
0.058317
0.058504
0.058463
0.058601
0.058577
0.058811
0.058768
0.058779
0.058855
0.058512
0.056572
0.056882
0.056740
0.056703
0.056723
0.057124
0.057034
0.056866
0.056455
0.056587
0.056710
0.056592
0.056636
0.056844
0.056647
0.056762
0.056714
0.057060
0.057013
0.057286
0.057523
0.057432
0.057151
0.057098
0.057227
0.057174
0.057339
0.057013
0.056452
0.056725
0.056676
0.056932
0.056881
0.056867
0.056902
0.057271
0.057051
0.056966
0.057098
0.056893
0.056716
0.057106
0.056901
0.057061
0.057222
0.056737
0.056505
0.056807
0.056814
0.056852
0.056897
0.056767
0.057034
0.056976
0.056397
0.077392
0.079253
0.079336
0.079392
0.079638
0.080107
0.082372
0.082701
0.083445
0.081837
0.082776
0.081940
0.082238
0.081427
0.081530
0.081465
0.081917
0.082939
0.083038
0.082431
0.081356
0.080814
0.081226
0.080300
0.079262
0.079828
0.078708
0.078829
0.078155
0.077615
0.076207
0.074885
0.074477
0.074625
0.074410
0.073767
0.072787
0.072528
0.072904
0.072984
0.073382
0.073354
0.074513
0.074094
0.073108
0.072600
0.072758
0.072980
0.073062
0.072754
0.072044
0.071874
0.071607
0.071594
0.069427
0.069770
0.069634
0.069224
0.068546
0.068938
0.068807
0.069375
0.067723
0.067414
0.072508
0.071893
0.072334
0.072340
0.070884
0.070725
0.069996
0.069992
0.069364
0.068363
0.068067
0.068595
0.068131
0.068190
0.067734
0.067765
0.068325
0.067918
0.067804
0.067905
0.067584
0.067328
0.066259
0.066100
0.065297
0.065021
0.065983
0.065619
0.065350
0.065398
0.065052
0.064440
0.064171
0.063670
0.063794
0.063454
0.062921
0.062995
0.063425
0.063382
0.062971
0.062679
0.062741
0.062823
0.062804
0.062223
0.061564
0.061117
0.061172
0.061226
0.066099
0.065500
0.065051
0.064773
0.064497
0.064335
0.063661
0.063614
0.063547
0.063200
0.062842
0.061774
0.061569
0.061459
0.061590
0.061233
0.061387
0.061578
0.061326
0.060933
0.060946
0.060444
0.059939
0.059932
0.059693
0.059616
0.059663
0.059626
0.059691
0.059718
0.059443
0.059586
0.059492
0.059362
0.059466
0.059341
0.059281
0.059294
0.059252
0.061063
0.061533
0.061468
0.061849
0.061442
0.061058
0.061250
0.060536
0.059894
0.059470
0.059337
0.054768
0.055155
0.055261
0.054954
0.055003
0.054824
0.054660
0.054390
0.054411
0.054278
0.054498
0.054087
0.053883
0.054044
0.054101
0.053595
0.053537
0.053196
0.053183
0.053138
0.053440
0.052893
0.053157
0.053264
0.053253
0.053311
0.053193
0.052624
0.052464
0.052543
0.052492
0.052433
0.052380
0.052216
0.052361
0.052262
0.052287
0.052408
0.052156
0.052077
0.052118
0.051912
0.052035
0.051897
0.051958
0.051526
0.051531
0.051575
0.051434
0.051644
0.051336
0.051375
0.051487
0.051487
0.051259
0.051322
0.051502
0.051253
0.051146
0.051165
0.051030
0.050918
0.051047
0.050719
0.050562
0.050848
0.050903
0.050680
0.050528
0.050545
0.050535
0.050435
0.050425
0.050366
0.050499
0.050098
0.050150
0.049982
0.049826
0.049962
0.049908
0.049848
0.049844
0.049778
0.049760
0.049574
0.049703
0.049619
0.049708
0.049727
0.049739
0.049830
0.049665
0.049701
0.049833
0.049502
0.049505
0.049388
0.049290
0.049540
